<?xml version="1.0" encoding="UTF-8"?>
<testsuite xmlns:xsi="http://www.w3.org/2001/XMLSchema-instance" xsi:noNamespaceSchemaLocation="https://maven.apache.org/surefire/maven-surefire-plugin/xsd/surefire-test-report-3.0.xsd" version="3.0" name="com.vtea.AppStartupTest" time="3.455" tests="1" errors="0" skipped="0" failures="0">
  <properties>
[...]
</properties>
  <testcase name="appShouldStartSuccessfully" classname="com.vtea.AppStartupTest" time="3.431">
    <system-err><![CDATA[May 13, 2026 5:15:47 AM com.sun.javafx.application.PlatformImpl startup
WARNING: Unsupported JavaFX configuration: classes were loaded from 'unnamed module @23c78d9'
May 13, 2026 5:15:50 AM javafx.fxml.FXMLLoader$ValueElement processValue
WARNING: Loading FXML document with JavaFX API of version 17.0.12 by JavaFX runtime of version 17.0.6
]]></system-err>
  </testcase>
</testsuite>