<?xml version="1.0" encoding="UTF-8"?>
<testsuite xmlns:xsi="http://www.w3.org/2001/XMLSchema-instance" xsi:noNamespaceSchemaLocation="https://maven.apache.org/surefire/maven-surefire-plugin/xsd/surefire-test-report-3.0.xsd" version="3.0" name="com.vtea.ArchitectureTest" time="3.684" tests="7" errors="0" skipped="0" failures="1">
  <properties>
[...]
</properties>
  <testcase name="modelShouldNotDependOnControllerDaoServiceOrJavaFx" classname="com.vtea.ArchitectureTest" time="0.076">
    <failure message="Architecture Violation [Priority: MEDIUM] - Rule &apos;no classes that reside in a package &apos;..model..&apos; should depend on classes that reside in any package [&apos;..controller..&apos;, &apos;..dao..&apos;, &apos;..service..&apos;, &apos;javafx..&apos;, &apos;java.sql..&apos;]&apos; was violated (7 times):&#10;Constructor &lt;com.vtea.model.User.&lt;init&gt;(java.sql.Timestamp, java.lang.String, java.lang.String, java.lang.String, java.lang.String, int, java.lang.String)&gt; has parameter of type &lt;java.sql.Timestamp&gt; in (User.java:0)&#10;Field &lt;com.vtea.model.Order.createdAt&gt; has type &lt;java.sql.Timestamp&gt; in (Order.java:0)&#10;Field &lt;com.vtea.model.User.createdAt&gt; has type &lt;java.sql.Timestamp&gt; in (User.java:0)&#10;Method &lt;com.vtea.model.Order.getCreatedAt()&gt; has return type &lt;java.sql.Timestamp&gt; in (Order.java:0)&#10;Method &lt;com.vtea.model.Order.setCreatedAt(java.sql.Timestamp)&gt; has parameter of type &lt;java.sql.Timestamp&gt; in (Order.java:0)&#10;Method &lt;com.vtea.model.User.getCreatedAt()&gt; has return type &lt;java.sql.Timestamp&gt; in (User.java:0)&#10;Method &lt;com.vtea.model.User.setCreatedAt(java.sql.Timestamp)&gt; has parameter of type &lt;java.sql.Timestamp&gt; in (User.java:0)" type="java.lang.AssertionError"><![CDATA[java.lang.AssertionError: 
Architecture Violation [Priority: MEDIUM] - Rule 'no classes that reside in a package '..model..' should depend on classes that reside in any package ['..controller..', '..dao..', '..service..', 'javafx..', 'java.sql..']' was violated (7 times):
Constructor <com.vtea.model.User.<init>(java.sql.Timestamp, java.lang.String, java.lang.String, java.lang.String, java.lang.String, int, java.lang.String)> has parameter of type <java.sql.Timestamp> in (User.java:0)
Field <com.vtea.model.Order.createdAt> has type <java.sql.Timestamp> in (Order.java:0)
Field <com.vtea.model.User.createdAt> has type <java.sql.Timestamp> in (User.java:0)
Method <com.vtea.model.Order.getCreatedAt()> has return type <java.sql.Timestamp> in (Order.java:0)
Method <com.vtea.model.Order.setCreatedAt(java.sql.Timestamp)> has parameter of type <java.sql.Timestamp> in (Order.java:0)
Method <com.vtea.model.User.getCreatedAt()> has return type <java.sql.Timestamp> in (User.java:0)
Method <com.vtea.model.User.setCreatedAt(java.sql.Timestamp)> has parameter of type <java.sql.Timestamp> in (User.java:0)
	at com.tngtech.archunit.lang.ArchRule$Assertions.assertNoViolation(ArchRule.java:94)
	at com.tngtech.archunit.lang.ArchRule$Assertions.check(ArchRule.java:86)
	at com.tngtech.archunit.lang.ArchRule$Factory$SimpleArchRule.check(ArchRule.java:165)
	at com.tngtech.archunit.lang.syntax.ObjectsShouldInternal.check(ObjectsShouldInternal.java:81)
	at com.vtea.ArchitectureTest.modelShouldNotDependOnControllerDaoServiceOrJavaFx(ArchitectureTest.java:67)
	at java.base/java.lang.reflect.Method.invoke(Method.java:569)
	at java.base/java.util.ArrayList.forEach(ArrayList.java:1511)
	at java.base/java.util.ArrayList.forEach(ArrayList.java:1511)
]]></failure>
    <system-err><![CDATA[SLF4J(W): No SLF4J providers were found.
SLF4J(W): Defaulting to no-operation (NOP) logger implementation
SLF4J(W): See https://www.slf4j.org/codes.html#noProviders for further details.
]]></system-err>
  </testcase>
  <testcase name="controllerNameShouldEndWithController" classname="com.vtea.ArchitectureTest" time="0.002"/>
  <testcase name="daoShouldNotDependOnControllerServiceOrJavaFx" classname="com.vtea.ArchitectureTest" time="0.009"/>
  <testcase name="serviceShouldNotDependOnControllerOrJavaFx" classname="com.vtea.ArchitectureTest" time="0.004"/>
  <testcase name="daoNameShouldEndWithDAO" classname="com.vtea.ArchitectureTest" time="0.002"/>
  <testcase name="controllerShouldNotAccessDaoOrSqlDirectly" classname="com.vtea.ArchitectureTest" time="0.006"/>
  <testcase name="serviceShouldNotReturnResultSet" classname="com.vtea.ArchitectureTest" time="0.01"/>
</testsuite>